<?xml version="1.0" encoding="UTF-8"?>
<!-- Generated by org.testng.reporters.JUnitReportReporter -->
<testsuite hostname="PRASHANT" failures="0" tests="2" name="POMFramework.LoginPageTC" time="23.206" errors="0" timestamp="2022-12-30T10:31:59 IST" skipped="0">
  <testcase classname="POMFramework.LoginPageTC" name="LoginWithValidCred" time="11.241"/>
  <system-out/>
  <testcase classname="POMFramework.LoginPageTC" name="LoginWithINValidCred" time="11.965"/>
  <system-out/>
</testsuite> <!-- POMFramework.LoginPageTC -->
